The following modules were not unloaded:
  (Use "module --force purge" to unload all):

  1) xalt/1.1.2
This software stack is maintained by the Purdue Bioinformatics Core. Please
direct inquiries regarding Bioinformatics software to bioinformatics@purdue.edu 

VCFtools - 0.1.16
(C) Adam Auton and Anthony Marcketta 2009

Parameters as interpreted:
	--vcf ./04_gntypMissing/GL_PinkSalmon_even_GATKfilter.GATKrem.snps.biallelic.indv80.gntyp80.vcf
	--recode-INFO-all
	--maf 0.05
	--out ./05_MAF/joint/GL_PinkSalmon_even_GATKfilter.GATKrem.snps.biallelic.indv80.gntyp80.MAF005
	--recode

Warning: Expected at least 2 parts in FORMAT entry: ID=PGT,Number=1,Type=String,Description="Physical phasing haplotype information, describing how the alternate alleles are phased in relation to one another; will always be heterozygous and is not intended to describe called alleles">
Warning: Expected at least 2 parts in FORMAT entry: ID=PID,Number=1,Type=String,Description="Physical phasing ID information, where each unique ID within a given sample (but not across samples) connects records within a phasing group">
Warning: Expected at least 2 parts in FORMAT entry: ID=PL,Number=G,Type=Integer,Description="Normalized, Phred-scaled likelihoods for genotypes as defined in the VCF specification">
Warning: Expected at least 2 parts in FORMAT entry: ID=RGQ,Number=1,Type=Integer,Description="Unconditional reference genotype confidence, encoded as a phred quality -10*log10 p(genotype call is wrong)">
Warning: Expected at least 2 parts in INFO entry: ID=AC,Number=A,Type=Integer,Description="Allele count in genotypes, for each ALT allele, in the same order as listed">
Warning: Expected at least 2 parts in INFO entry: ID=AC,Number=A,Type=Integer,Description="Allele count in genotypes, for each ALT allele, in the same order as listed">
Warning: Expected at least 2 parts in INFO entry: ID=AF,Number=A,Type=Float,Description="Allele Frequency, for each ALT allele, in the same order as listed">
Warning: Expected at least 2 parts in INFO entry: ID=AF,Number=A,Type=Float,Description="Allele Frequency, for each ALT allele, in the same order as listed">
Warning: Expected at least 2 parts in INFO entry: ID=MLEAC,Number=A,Type=Integer,Description="Maximum likelihood expectation (MLE) for the allele counts (not necessarily the same as the AC), for each ALT allele, in the same order as listed">
Warning: Expected at least 2 parts in INFO entry: ID=MLEAC,Number=A,Type=Integer,Description="Maximum likelihood expectation (MLE) for the allele counts (not necessarily the same as the AC), for each ALT allele, in the same order as listed">
Warning: Expected at least 2 parts in INFO entry: ID=MLEAF,Number=A,Type=Float,Description="Maximum likelihood expectation (MLE) for the allele frequency (not necessarily the same as the AF), for each ALT allele, in the same order as listed">
Warning: Expected at least 2 parts in INFO entry: ID=MLEAF,Number=A,Type=Float,Description="Maximum likelihood expectation (MLE) for the allele frequency (not necessarily the same as the AF), for each ALT allele, in the same order as listed">
After filtering, kept 132 out of 132 Individuals
Outputting VCF file...
After filtering, kept 5289687 out of a possible 16725129 Sites
Run Time = 2076.00 seconds
